<?xml version="1.0" encoding="UTF-8"?>
<!-- Generated by org.testng.reporters.JUnitReportReporter -->
<testsuite hostname="DESKTOP-8IT2KM8" name="com.uptake.test.UptakeHomePageTest" tests="3" failures="0" timestamp="8 Aug 2017 10:48:53 GMT" time="38.789" errors="0">
  <testcase name="testBackGroundImagePresent" time="6.279" classname="com.uptake.test.UptakeHomePageTest"/>
  <testcase name="UptakeHomePageAssertionTest" time="31.395" classname="com.uptake.test.UptakeHomePageTest"/>
  <testcase name="testVideoPlayHomePage" time="1.115" classname="com.uptake.test.UptakeHomePageTest"/>
</testsuite> <!-- com.uptake.test.UptakeHomePageTest -->
