<?xml version="1.0" encoding="UTF-8"?>
<!-- Generated by org.testng.reporters.JUnitReportReporter -->
<testsuite hostname="DESKTOP-8IT2KM8" name="com.uptake.test.UptakeHomePageTest" tests="1" failures="0" timestamp="5 Aug 2017 20:29:32 GMT" time="4.977" errors="0">
  <testcase name="UptakeHomePageAssertionTest" time="4.977" classname="com.uptake.test.UptakeHomePageTest"/>
</testsuite> <!-- com.uptake.test.UptakeHomePageTest -->
