<?xml version="1.0" encoding="UTF-8"?>
<!-- Generated by org.testng.reporters.JUnitReportReporter -->
<testsuite hostname="DESKTOP-8IT2KM8" name="com.uptake.test.UptakeAboutPageTest" tests="1" failures="0" timestamp="6 Aug 2017 12:02:44 GMT" time="21.156" errors="0">
  <testcase name="uptakeAboutPageAssertionTest" time="21.156" classname="com.uptake.test.UptakeAboutPageTest"/>
</testsuite> <!-- com.uptake.test.UptakeAboutPageTest -->
