<?xml version="1.0" encoding="UTF-8"?>
<!-- Generated by org.testng.reporters.JUnitReportReporter -->
<testsuite hostname="DESKTOP-8IT2KM8" name="com.javacodegeeks.testng.maven.TestNgMavenExample" tests="1" failures="0" timestamp="5 Aug 2017 19:35:26 GMT" time="10.376" errors="0">
  <testcase name="exampleOfTestNgMaven" time="10.376" classname="com.javacodegeeks.testng.maven.TestNgMavenExample"/>
</testsuite> <!-- com.javacodegeeks.testng.maven.TestNgMavenExample -->
