<?xml version="1.0" encoding="UTF-8"?>
<!-- Generated by org.testng.reporters.JUnitReportReporter -->
<testsuite hostname="DESKTOP-8IT2KM8" name="com.uptake.test.UptakeHomePageTest" tests="3" failures="0" timestamp="8 Aug 2017 21:58:21 GMT" time="24.812" errors="0">
  <testcase name="testBackGroundImagePresent" time="1.564" classname="com.uptake.test.UptakeHomePageTest"/>
  <testcase name="UptakeHomePageAssertionTest" time="20.894" classname="com.uptake.test.UptakeHomePageTest"/>
  <testcase name="testVideoPlayHomePage" time="2.354" classname="com.uptake.test.UptakeHomePageTest"/>
</testsuite> <!-- com.uptake.test.UptakeHomePageTest -->
